<?xml version="1.0" encoding="UTF-8"?>
<!-- Generated by org.testng.reporters.JUnitReportReporter -->
<testsuite skipped="0" hostname="classroom-PC" name="testng.Ex2" tests="1" failures="0" timestamp="29 Jan 2019 15:04:21 GMT" time="0.021" errors="0">
  <testcase name="method2" time="0.021" classname="testng.Ex2"/>
</testsuite> <!-- testng.Ex2 -->
