<?xml version="1.0" encoding="UTF-8"?>
<!-- Generated by org.testng.reporters.JUnitReportReporter -->
<testsuite skipped="0" hostname="classroom-PC" name="testng.Ex3" tests="1" failures="0" timestamp="29 Jan 2019 14:51:24 GMT" time="0.009" errors="0">
  <testcase name="addLocation" time="0.009" classname="testng.Ex3"/>
</testsuite> <!-- testng.Ex3 -->
